build/app/intermediates/manifest_merge_blame_file/debug/manifest-merger-blame-debug-report.txt
1<?xml version="1.0" encoding="utf-8"?>
2<manifest xmlns:android="http://schemas.android.com/apk/res/android"
3    package="com.example.intellensense"
4    android:versionCode="1"
5    android:versionName="1.0.0" >
6
7    <uses-sdk
8        android:minSdkVersion="20"
9        android:targetSdkVersion="33" />
10    <!--
11         The INTERNET permission is required for development. Specifically,
12         the Flutter tool needs it to communicate with the running application
13         to allow setting breakpoints, to provide hot reload, etc.
14    -->
15    <uses-permission android:name="android.permission.INTERNET" />
15-->src\debug\AndroidManifest.xml:7:5-66
15-->src\debug\AndroidManifest.xml:7:22-64
16    <uses-permission android:name="android.permission.WAKE_LOCK" />
16-->[:firebase_messaging] AndroidManifest.xml:10:5-68
16-->[:firebase_messaging] AndroidManifest.xml:10:22-65
17    <uses-permission android:name="android.permission.ACCESS_NETWORK_STATE" /> <!-- Permissions options for the `notification` group -->
17-->[:firebase_messaging] AndroidManifest.xml:11:5-79
17-->[:firebase_messaging] AndroidManifest.xml:11:22-76
18    <uses-permission android:name="android.permission.POST_NOTIFICATIONS" /> <!-- Required by older versions of Google Play services to create IID tokens -->
18-->[:firebase_messaging] AndroidManifest.xml:13:5-77
18-->[:firebase_messaging] AndroidManifest.xml:13:22-74
19    <uses-permission android:name="com.google.android.c2dm.permission.RECEIVE" />
19-->[com.google.firebase:firebase-messaging:23.1.1] AndroidManifest.xml:28:5-82
19-->[com.google.firebase:firebase-messaging:23.1.1] AndroidManifest.xml:28:22-79
20    <uses-permission android:name="com.google.android.gms.permission.AD_ID" />
20-->[com.google.android.gms:play-services-measurement-api:21.2.0] AndroidManifest.xml:25:5-79
20-->[com.google.android.gms:play-services-measurement-api:21.2.0] AndroidManifest.xml:25:22-76
21
22    <uses-feature
22-->[com.google.android.gms:play-services-maps:18.1.0] AndroidManifest.xml:26:5-28:35
23        android:glEsVersion="0x00020000"
23-->[com.google.android.gms:play-services-maps:18.1.0] AndroidManifest.xml:27:9-41
24        android:required="true" />
24-->[com.google.android.gms:play-services-maps:18.1.0] AndroidManifest.xml:28:9-32
25
26    <queries>
26-->[com.google.android.gms:play-services-maps:18.1.0] AndroidManifest.xml:30:5-34:15
27
28        <!-- Needs to be explicitly declared on Android R+ -->
29        <package android:name="com.google.android.apps.maps" />
29-->[com.google.android.gms:play-services-maps:18.1.0] AndroidManifest.xml:33:9-64
29-->[com.google.android.gms:play-services-maps:18.1.0] AndroidManifest.xml:33:18-61
30    </queries>
31
32    <uses-permission android:name="com.google.android.finsky.permission.BIND_GET_INSTALL_REFERRER_SERVICE" />
32-->[com.google.android.gms:play-services-measurement:21.2.0] AndroidManifest.xml:26:5-110
32-->[com.google.android.gms:play-services-measurement:21.2.0] AndroidManifest.xml:26:22-107
33
34    <application
35        android:name="android.app.Application"
36        android:appComponentFactory="androidx.core.app.CoreComponentFactory"
36-->[androidx.core:core:1.8.0] AndroidManifest.xml:24:18-86
37        android:debuggable="true"
38        android:icon="@mipmap/ic_launcher"
39        android:label="intellensense" >
40        <activity
41            android:name="com.example.intellensense.MainActivity"
42            android:configChanges="orientation|keyboardHidden|keyboard|screenSize|smallestScreenSize|locale|layoutDirection|fontScale|screenLayout|density|uiMode"
43            android:exported="true"
44            android:hardwareAccelerated="true"
45            android:launchMode="singleTop"
46            android:theme="@style/LaunchTheme"
47            android:windowSoftInputMode="adjustResize" >
48
49            <!--
50                 Specifies an Android theme to apply to this Activity as soon as
51                 the Android process has started. This theme is visible to the user
52                 while the Flutter UI initializes. After that, this theme continues
53                 to determine the Window background behind the Flutter UI.
54            -->
55            <meta-data
56                android:name="io.flutter.embedding.android.NormalTheme"
57                android:resource="@style/NormalTheme" />
58
59            <intent-filter>
60                <action android:name="android.intent.action.MAIN" />
61
62                <category android:name="android.intent.category.LAUNCHER" />
63            </intent-filter>
64        </activity>
65        <!--
66             Don't delete the meta-data below.
67             This is used by the Flutter tool to generate GeneratedPluginRegistrant.java
68        -->
69        <meta-data
70            android:name="flutterEmbedding"
71            android:value="2" />
72        <meta-data
73            android:name="com.google.android.geo.API_KEY"
74            android:value="AIzaSyBktbrEU63oeqNZEbJr7P77CoqKXvj0T0w" />
75
76        <service
76-->[:cloud_firestore] AndroidManifest.xml:10:9-14:19
77            android:name="com.google.firebase.components.ComponentDiscoveryService"
77-->[:cloud_firestore] AndroidManifest.xml:10:18-89
78            android:directBootAware="true"
78-->[com.google.firebase:firebase-common:20.3.0] AndroidManifest.xml:34:13-43
79            android:exported="false" >
79-->[com.google.firebase:firebase-messaging:23.1.1] AndroidManifest.xml:54:13-37
80            <meta-data
80-->[:cloud_firestore] AndroidManifest.xml:11:13-13:85
81                android:name="com.google.firebase.components:io.flutter.plugins.firebase.firestore.FlutterFirebaseFirestoreRegistrar"
81-->[:cloud_firestore] AndroidManifest.xml:12:17-134
82                android:value="com.google.firebase.components.ComponentRegistrar" />
82-->[:cloud_firestore] AndroidManifest.xml:13:17-82
83            <meta-data
83-->[:firebase_auth] AndroidManifest.xml:11:13-13:85
84                android:name="com.google.firebase.components:io.flutter.plugins.firebase.auth.FlutterFirebaseAuthRegistrar"
84-->[:firebase_auth] AndroidManifest.xml:12:17-124
85                android:value="com.google.firebase.components.ComponentRegistrar" />
85-->[:firebase_auth] AndroidManifest.xml:13:17-82
86            <meta-data
86-->[:firebase_storage] AndroidManifest.xml:11:13-13:85
87                android:name="com.google.firebase.components:io.flutter.plugins.firebase.storage.FlutterFirebaseAppRegistrar"
87-->[:firebase_storage] AndroidManifest.xml:12:17-126
88                android:value="com.google.firebase.components.ComponentRegistrar" />
88-->[:firebase_storage] AndroidManifest.xml:13:17-82
89            <meta-data
89-->[:firebase_messaging] AndroidManifest.xml:38:13-40:85
90                android:name="com.google.firebase.components:io.flutter.plugins.firebase.messaging.FlutterFirebaseAppRegistrar"
90-->[:firebase_messaging] AndroidManifest.xml:39:17-128
91                android:value="com.google.firebase.components.ComponentRegistrar" />
91-->[:firebase_messaging] AndroidManifest.xml:40:17-82
92            <meta-data
92-->[:firebase_core] AndroidManifest.xml:11:13-13:85
93                android:name="com.google.firebase.components:io.flutter.plugins.firebase.core.FlutterFirebaseCoreRegistrar"
93-->[:firebase_core] AndroidManifest.xml:12:17-124
94                android:value="com.google.firebase.components.ComponentRegistrar" />
94-->[:firebase_core] AndroidManifest.xml:13:17-82
95            <meta-data
95-->[com.google.firebase:firebase-messaging:23.1.1] AndroidManifest.xml:55:13-57:85
96                android:name="com.google.firebase.components:com.google.firebase.messaging.FirebaseMessagingRegistrar"
96-->[com.google.firebase:firebase-messaging:23.1.1] AndroidManifest.xml:56:17-119
97                android:value="com.google.firebase.components.ComponentRegistrar" />
97-->[com.google.firebase:firebase-messaging:23.1.1] AndroidManifest.xml:57:17-82
98            <meta-data
98-->[com.google.firebase:firebase-datatransport:18.1.7] AndroidManifest.xml:27:13-29:85
99                android:name="com.google.firebase.components:com.google.firebase.datatransport.TransportRegistrar"
99-->[com.google.firebase:firebase-datatransport:18.1.7] AndroidManifest.xml:28:17-115
100                android:value="com.google.firebase.components.ComponentRegistrar" />
100-->[com.google.firebase:firebase-datatransport:18.1.7] AndroidManifest.xml:29:17-82
101            <meta-data
101-->[com.google.firebase:firebase-auth:21.1.0] AndroidManifest.xml:67:13-69:85
102                android:name="com.google.firebase.components:com.google.firebase.auth.FirebaseAuthRegistrar"
102-->[com.google.firebase:firebase-auth:21.1.0] AndroidManifest.xml:68:17-109
103                android:value="com.google.firebase.components.ComponentRegistrar" />
103-->[com.google.firebase:firebase-auth:21.1.0] AndroidManifest.xml:69:17-82
104            <meta-data
104-->[com.google.firebase:firebase-firestore:24.4.2] AndroidManifest.xml:19:13-21:85
105                android:name="com.google.firebase.components:com.google.firebase.firestore.FirestoreRegistrar"
105-->[com.google.firebase:firebase-firestore:24.4.2] AndroidManifest.xml:20:17-111
106                android:value="com.google.firebase.components.ComponentRegistrar" />
106-->[com.google.firebase:firebase-firestore:24.4.2] AndroidManifest.xml:21:17-82
107            <meta-data
107-->[com.google.firebase:firebase-storage:20.1.0] AndroidManifest.xml:32:13-34:85
108                android:name="com.google.firebase.components:com.google.firebase.storage.StorageRegistrar"
108-->[com.google.firebase:firebase-storage:20.1.0] AndroidManifest.xml:33:17-107
109                android:value="com.google.firebase.components.ComponentRegistrar" />
109-->[com.google.firebase:firebase-storage:20.1.0] AndroidManifest.xml:34:17-82
110            <meta-data
110-->[com.google.firebase:firebase-iid:21.1.0] AndroidManifest.xml:32:13-34:85
111                android:name="com.google.firebase.components:com.google.firebase.iid.Registrar"
111-->[com.google.firebase:firebase-iid:21.1.0] AndroidManifest.xml:33:17-96
112                android:value="com.google.firebase.components.ComponentRegistrar" />
112-->[com.google.firebase:firebase-iid:21.1.0] AndroidManifest.xml:34:17-82
113            <meta-data
113-->[com.google.android.gms:play-services-measurement-api:21.2.0] AndroidManifest.xml:31:13-33:85
114                android:name="com.google.firebase.components:com.google.firebase.analytics.connector.internal.AnalyticsConnectorRegistrar"
114-->[com.google.android.gms:play-services-measurement-api:21.2.0] AndroidManifest.xml:32:17-139
115                android:value="com.google.firebase.components.ComponentRegistrar" />
115-->[com.google.android.gms:play-services-measurement-api:21.2.0] AndroidManifest.xml:33:17-82
116            <meta-data
116-->[com.google.firebase:firebase-installations:17.1.0] AndroidManifest.xml:17:13-19:85
117                android:name="com.google.firebase.components:com.google.firebase.installations.FirebaseInstallationsRegistrar"
117-->[com.google.firebase:firebase-installations:17.1.0] AndroidManifest.xml:18:17-127
118                android:value="com.google.firebase.components.ComponentRegistrar" />
118-->[com.google.firebase:firebase-installations:17.1.0] AndroidManifest.xml:19:17-82
119        </service>
120        <service
120-->[:firebase_messaging] AndroidManifest.xml:16:9-19:72
121            android:name="io.flutter.plugins.firebase.messaging.FlutterFirebaseMessagingBackgroundService"
121-->[:firebase_messaging] AndroidManifest.xml:17:13-107
122            android:exported="false"
122-->[:firebase_messaging] AndroidManifest.xml:18:13-37
123            android:permission="android.permission.BIND_JOB_SERVICE" />
123-->[:firebase_messaging] AndroidManifest.xml:19:13-69
124        <service
124-->[:firebase_messaging] AndroidManifest.xml:20:9-26:19
125            android:name="io.flutter.plugins.firebase.messaging.FlutterFirebaseMessagingService"
125-->[:firebase_messaging] AndroidManifest.xml:21:13-97
126            android:exported="false" >
126-->[:firebase_messaging] AndroidManifest.xml:22:13-37
127            <intent-filter>
127-->[:firebase_messaging] AndroidManifest.xml:23:13-25:29
128                <action android:name="com.google.firebase.MESSAGING_EVENT" />
128-->[:firebase_messaging] AndroidManifest.xml:24:17-78
128-->[:firebase_messaging] AndroidManifest.xml:24:25-75
129            </intent-filter>
130        </service>
131
132        <receiver
132-->[:firebase_messaging] AndroidManifest.xml:28:9-35:20
133            android:name="io.flutter.plugins.firebase.messaging.FlutterFirebaseMessagingReceiver"
133-->[:firebase_messaging] AndroidManifest.xml:29:13-98
134            android:exported="true"
134-->[:firebase_messaging] AndroidManifest.xml:30:13-36
135            android:permission="com.google.android.c2dm.permission.SEND" >
135-->[:firebase_messaging] AndroidManifest.xml:31:13-73
136            <intent-filter>
136-->[:firebase_messaging] AndroidManifest.xml:32:13-34:29
137                <action android:name="com.google.android.c2dm.intent.RECEIVE" />
137-->[:firebase_messaging] AndroidManifest.xml:33:17-81
137-->[:firebase_messaging] AndroidManifest.xml:33:25-78
138            </intent-filter>
139        </receiver>
140
141        <provider
141-->[:firebase_messaging] AndroidManifest.xml:43:9-47:38
142            android:name="io.flutter.plugins.firebase.messaging.FlutterFirebaseMessagingInitProvider"
142-->[:firebase_messaging] AndroidManifest.xml:44:13-102
143            android:authorities="com.example.intellensense.flutterfirebasemessaginginitprovider"
143-->[:firebase_messaging] AndroidManifest.xml:45:13-88
144            android:exported="false"
144-->[:firebase_messaging] AndroidManifest.xml:46:13-37
145            android:initOrder="99" />
145-->[:firebase_messaging] AndroidManifest.xml:47:13-35
146        <provider
146-->[:image_picker_android] AndroidManifest.xml:10:9-18:20
147            android:name="io.flutter.plugins.imagepicker.ImagePickerFileProvider"
147-->[:image_picker_android] AndroidManifest.xml:11:13-82
148            android:authorities="com.example.intellensense.flutter.image_provider"
148-->[:image_picker_android] AndroidManifest.xml:12:13-74
149            android:exported="false"
149-->[:image_picker_android] AndroidManifest.xml:13:13-37
150            android:grantUriPermissions="true" >
150-->[:image_picker_android] AndroidManifest.xml:14:13-47
151            <meta-data
151-->[:image_picker_android] AndroidManifest.xml:15:13-17:75
152                android:name="android.support.FILE_PROVIDER_PATHS"
152-->[:image_picker_android] AndroidManifest.xml:16:17-67
153                android:resource="@xml/flutter_image_picker_file_paths" />
153-->[:image_picker_android] AndroidManifest.xml:17:17-72
154        </provider>
155
156        <activity
156-->[:url_launcher_android] AndroidManifest.xml:10:9-13:74
157            android:name="io.flutter.plugins.urllauncher.WebViewActivity"
157-->[:url_launcher_android] AndroidManifest.xml:11:13-74
158            android:exported="false"
158-->[:url_launcher_android] AndroidManifest.xml:12:13-37
159            android:theme="@android:style/Theme.NoTitleBar.Fullscreen" />
159-->[:url_launcher_android] AndroidManifest.xml:13:13-71
160
161        <uses-library
161-->[androidx.window:window:1.0.0-beta04] AndroidManifest.xml:25:9-27:40
162            android:name="androidx.window.extensions"
162-->[androidx.window:window:1.0.0-beta04] AndroidManifest.xml:26:13-54
163            android:required="false" />
163-->[androidx.window:window:1.0.0-beta04] AndroidManifest.xml:27:13-37
164        <uses-library
164-->[androidx.window:window:1.0.0-beta04] AndroidManifest.xml:28:9-30:40
165            android:name="androidx.window.sidecar"
165-->[androidx.window:window:1.0.0-beta04] AndroidManifest.xml:29:13-51
166            android:required="false" />
166-->[androidx.window:window:1.0.0-beta04] AndroidManifest.xml:30:13-37
167
168        <receiver
168-->[com.google.firebase:firebase-messaging:23.1.1] AndroidManifest.xml:31:9-38:20
169            android:name="com.google.firebase.iid.FirebaseInstanceIdReceiver"
169-->[com.google.firebase:firebase-messaging:23.1.1] AndroidManifest.xml:32:13-78
170            android:exported="true"
170-->[com.google.firebase:firebase-messaging:23.1.1] AndroidManifest.xml:33:13-36
171            android:permission="com.google.android.c2dm.permission.SEND" >
171-->[com.google.firebase:firebase-messaging:23.1.1] AndroidManifest.xml:34:13-73
172            <intent-filter>
172-->[:firebase_messaging] AndroidManifest.xml:32:13-34:29
173                <action android:name="com.google.android.c2dm.intent.RECEIVE" />
173-->[:firebase_messaging] AndroidManifest.xml:33:17-81
173-->[:firebase_messaging] AndroidManifest.xml:33:25-78
174            </intent-filter>
175        </receiver>
176        <!--
177             FirebaseMessagingService performs security checks at runtime,
178             but set to not exported to explicitly avoid allowing another app to call it.
179        -->
180        <service
180-->[com.google.firebase:firebase-messaging:23.1.1] AndroidManifest.xml:44:9-51:19
181            android:name="com.google.firebase.messaging.FirebaseMessagingService"
181-->[com.google.firebase:firebase-messaging:23.1.1] AndroidManifest.xml:45:13-82
182            android:directBootAware="true"
182-->[com.google.firebase:firebase-messaging:23.1.1] AndroidManifest.xml:46:13-43
183            android:exported="false" >
183-->[com.google.firebase:firebase-messaging:23.1.1] AndroidManifest.xml:47:13-37
184            <intent-filter android:priority="-500" >
184-->[:firebase_messaging] AndroidManifest.xml:23:13-25:29
185                <action android:name="com.google.firebase.MESSAGING_EVENT" />
185-->[:firebase_messaging] AndroidManifest.xml:24:17-78
185-->[:firebase_messaging] AndroidManifest.xml:24:25-75
186            </intent-filter>
187        </service>
188        <service
188-->[com.google.android.datatransport:transport-backend-cct:3.1.8] AndroidManifest.xml:28:9-34:19
189            android:name="com.google.android.datatransport.runtime.backends.TransportBackendDiscovery"
189-->[com.google.android.datatransport:transport-backend-cct:3.1.8] AndroidManifest.xml:29:13-103
190            android:exported="false" >
190-->[com.google.android.datatransport:transport-backend-cct:3.1.8] AndroidManifest.xml:30:13-37
191            <meta-data
191-->[com.google.android.datatransport:transport-backend-cct:3.1.8] AndroidManifest.xml:31:13-33:39
192                android:name="backend:com.google.android.datatransport.cct.CctBackendFactory"
192-->[com.google.android.datatransport:transport-backend-cct:3.1.8] AndroidManifest.xml:32:17-94
193                android:value="cct" />
193-->[com.google.android.datatransport:transport-backend-cct:3.1.8] AndroidManifest.xml:33:17-36
194        </service>
195        <service
195-->[com.google.android.datatransport:transport-runtime:3.1.8] AndroidManifest.xml:26:9-30:19
196            android:name="com.google.android.datatransport.runtime.scheduling.jobscheduling.JobInfoSchedulerService"
196-->[com.google.android.datatransport:transport-runtime:3.1.8] AndroidManifest.xml:27:13-117
197            android:exported="false"
197-->[com.google.android.datatransport:transport-runtime:3.1.8] AndroidManifest.xml:28:13-37
198            android:permission="android.permission.BIND_JOB_SERVICE" >
198-->[com.google.android.datatransport:transport-runtime:3.1.8] AndroidManifest.xml:29:13-69
199        </service>
200
201        <receiver
201-->[com.google.android.datatransport:transport-runtime:3.1.8] AndroidManifest.xml:32:9-34:40
202            android:name="com.google.android.datatransport.runtime.scheduling.jobscheduling.AlarmManagerSchedulerBroadcastReceiver"
202-->[com.google.android.datatransport:transport-runtime:3.1.8] AndroidManifest.xml:33:13-132
203            android:exported="false" />
203-->[com.google.android.datatransport:transport-runtime:3.1.8] AndroidManifest.xml:34:13-37
204
205        <activity
205-->[com.google.firebase:firebase-auth:21.1.0] AndroidManifest.xml:27:9-44:20
206            android:name="com.google.firebase.auth.internal.GenericIdpActivity"
206-->[com.google.firebase:firebase-auth:21.1.0] AndroidManifest.xml:28:13-80
207            android:excludeFromRecents="true"
207-->[com.google.firebase:firebase-auth:21.1.0] AndroidManifest.xml:29:13-46
208            android:exported="true"
208-->[com.google.firebase:firebase-auth:21.1.0] AndroidManifest.xml:30:13-36
209            android:launchMode="singleTask"
209-->[com.google.firebase:firebase-auth:21.1.0] AndroidManifest.xml:31:13-44
210            android:theme="@android:style/Theme.Translucent.NoTitleBar" >
210-->[com.google.firebase:firebase-auth:21.1.0] AndroidManifest.xml:32:13-72
211            <intent-filter>
211-->[com.google.firebase:firebase-auth:21.1.0] AndroidManifest.xml:33:13-43:29
212                <action android:name="android.intent.action.VIEW" />
212-->[com.google.firebase:firebase-auth:21.1.0] AndroidManifest.xml:34:17-69
212-->[com.google.firebase:firebase-auth:21.1.0] AndroidManifest.xml:34:25-66
213
214                <category android:name="android.intent.category.DEFAULT" />
214-->[com.google.firebase:firebase-auth:21.1.0] AndroidManifest.xml:36:17-76
214-->[com.google.firebase:firebase-auth:21.1.0] AndroidManifest.xml:36:27-73
215                <category android:name="android.intent.category.BROWSABLE" />
215-->[com.google.firebase:firebase-auth:21.1.0] AndroidManifest.xml:37:17-78
215-->[com.google.firebase:firebase-auth:21.1.0] AndroidManifest.xml:37:27-75
216
217                <data
217-->[com.google.firebase:firebase-auth:21.1.0] AndroidManifest.xml:39:17-42:51
218                    android:host="firebase.auth"
218-->[com.google.firebase:firebase-auth:21.1.0] AndroidManifest.xml:40:21-49
219                    android:path="/"
219-->[com.google.firebase:firebase-auth:21.1.0] AndroidManifest.xml:41:21-37
220                    android:scheme="genericidp" />
220-->[com.google.firebase:firebase-auth:21.1.0] AndroidManifest.xml:42:21-48
221            </intent-filter>
222        </activity>
223        <activity
223-->[com.google.firebase:firebase-auth:21.1.0] AndroidManifest.xml:45:9-62:20
224            android:name="com.google.firebase.auth.internal.RecaptchaActivity"
224-->[com.google.firebase:firebase-auth:21.1.0] AndroidManifest.xml:46:13-79
225            android:excludeFromRecents="true"
225-->[com.google.firebase:firebase-auth:21.1.0] AndroidManifest.xml:47:13-46
226            android:exported="true"
226-->[com.google.firebase:firebase-auth:21.1.0] AndroidManifest.xml:48:13-36
227            android:launchMode="singleTask"
227-->[com.google.firebase:firebase-auth:21.1.0] AndroidManifest.xml:49:13-44
228            android:theme="@android:style/Theme.Translucent.NoTitleBar" >
228-->[com.google.firebase:firebase-auth:21.1.0] AndroidManifest.xml:50:13-72
229            <intent-filter>
229-->[com.google.firebase:firebase-auth:21.1.0] AndroidManifest.xml:51:13-61:29
230                <action android:name="android.intent.action.VIEW" />
230-->[com.google.firebase:firebase-auth:21.1.0] AndroidManifest.xml:34:17-69
230-->[com.google.firebase:firebase-auth:21.1.0] AndroidManifest.xml:34:25-66
231
232                <category android:name="android.intent.category.DEFAULT" />
232-->[com.google.firebase:firebase-auth:21.1.0] AndroidManifest.xml:36:17-76
232-->[com.google.firebase:firebase-auth:21.1.0] AndroidManifest.xml:36:27-73
233                <category android:name="android.intent.category.BROWSABLE" />
233-->[com.google.firebase:firebase-auth:21.1.0] AndroidManifest.xml:37:17-78
233-->[com.google.firebase:firebase-auth:21.1.0] AndroidManifest.xml:37:27-75
234
235                <data
235-->[com.google.firebase:firebase-auth:21.1.0] AndroidManifest.xml:39:17-42:51
236                    android:host="firebase.auth"
236-->[com.google.firebase:firebase-auth:21.1.0] AndroidManifest.xml:40:21-49
237                    android:path="/"
237-->[com.google.firebase:firebase-auth:21.1.0] AndroidManifest.xml:41:21-37
238                    android:scheme="recaptcha" />
238-->[com.google.firebase:firebase-auth:21.1.0] AndroidManifest.xml:42:21-48
239            </intent-filter>
240        </activity>
241
242        <provider
242-->[com.google.firebase:firebase-common:20.3.0] AndroidManifest.xml:25:9-30:39
243            android:name="com.google.firebase.provider.FirebaseInitProvider"
243-->[com.google.firebase:firebase-common:20.3.0] AndroidManifest.xml:26:13-77
244            android:authorities="com.example.intellensense.firebaseinitprovider"
244-->[com.google.firebase:firebase-common:20.3.0] AndroidManifest.xml:27:13-72
245            android:directBootAware="true"
245-->[com.google.firebase:firebase-common:20.3.0] AndroidManifest.xml:28:13-43
246            android:exported="false"
246-->[com.google.firebase:firebase-common:20.3.0] AndroidManifest.xml:29:13-37
247            android:initOrder="100" /> <!-- Needs to be explicitly declared on P+ -->
247-->[com.google.firebase:firebase-common:20.3.0] AndroidManifest.xml:30:13-36
248        <uses-library
248-->[com.google.android.gms:play-services-maps:18.1.0] AndroidManifest.xml:39:9-41:40
249            android:name="org.apache.http.legacy"
249-->[com.google.android.gms:play-services-maps:18.1.0] AndroidManifest.xml:40:13-50
250            android:required="false" />
250-->[com.google.android.gms:play-services-maps:18.1.0] AndroidManifest.xml:41:13-37
251
252        <activity
252-->[com.google.android.gms:play-services-auth:20.4.1] AndroidManifest.xml:23:9-27:75
253            android:name="com.google.android.gms.auth.api.signin.internal.SignInHubActivity"
253-->[com.google.android.gms:play-services-auth:20.4.1] AndroidManifest.xml:24:13-93
254            android:excludeFromRecents="true"
254-->[com.google.android.gms:play-services-auth:20.4.1] AndroidManifest.xml:25:13-46
255            android:exported="false"
255-->[com.google.android.gms:play-services-auth:20.4.1] AndroidManifest.xml:26:13-37
256            android:theme="@android:style/Theme.Translucent.NoTitleBar" />
256-->[com.google.android.gms:play-services-auth:20.4.1] AndroidManifest.xml:27:13-72
257        <!--
258            Service handling Google Sign-In user revocation. For apps that do not integrate with
259            Google Sign-In, this service will never be started.
260        -->
261        <service
261-->[com.google.android.gms:play-services-auth:20.4.1] AndroidManifest.xml:33:9-37:51
262            android:name="com.google.android.gms.auth.api.signin.RevocationBoundService"
262-->[com.google.android.gms:play-services-auth:20.4.1] AndroidManifest.xml:34:13-89
263            android:exported="true"
263-->[com.google.android.gms:play-services-auth:20.4.1] AndroidManifest.xml:35:13-36
264            android:permission="com.google.android.gms.auth.api.signin.permission.REVOCATION_NOTIFICATION"
264-->[com.google.android.gms:play-services-auth:20.4.1] AndroidManifest.xml:36:13-107
265            android:visibleToInstantApps="true" />
265-->[com.google.android.gms:play-services-auth:20.4.1] AndroidManifest.xml:37:13-48
266
267        <receiver
267-->[com.google.android.gms:play-services-measurement:21.2.0] AndroidManifest.xml:29:9-33:20
268            android:name="com.google.android.gms.measurement.AppMeasurementReceiver"
268-->[com.google.android.gms:play-services-measurement:21.2.0] AndroidManifest.xml:30:13-85
269            android:enabled="true"
269-->[com.google.android.gms:play-services-measurement:21.2.0] AndroidManifest.xml:31:13-35
270            android:exported="false" >
270-->[com.google.android.gms:play-services-measurement:21.2.0] AndroidManifest.xml:32:13-37
271        </receiver>
272
273        <service
273-->[com.google.android.gms:play-services-measurement:21.2.0] AndroidManifest.xml:35:9-38:40
274            android:name="com.google.android.gms.measurement.AppMeasurementService"
274-->[com.google.android.gms:play-services-measurement:21.2.0] AndroidManifest.xml:36:13-84
275            android:enabled="true"
275-->[com.google.android.gms:play-services-measurement:21.2.0] AndroidManifest.xml:37:13-35
276            android:exported="false" />
276-->[com.google.android.gms:play-services-measurement:21.2.0] AndroidManifest.xml:38:13-37
277        <service
277-->[com.google.android.gms:play-services-measurement:21.2.0] AndroidManifest.xml:39:9-43:72
278            android:name="com.google.android.gms.measurement.AppMeasurementJobService"
278-->[com.google.android.gms:play-services-measurement:21.2.0] AndroidManifest.xml:40:13-87
279            android:enabled="true"
279-->[com.google.android.gms:play-services-measurement:21.2.0] AndroidManifest.xml:41:13-35
280            android:exported="false"
280-->[com.google.android.gms:play-services-measurement:21.2.0] AndroidManifest.xml:42:13-37
281            android:permission="android.permission.BIND_JOB_SERVICE" />
281-->[com.google.android.gms:play-services-measurement:21.2.0] AndroidManifest.xml:43:13-69
282
283        <activity
283-->[com.google.android.gms:play-services-base:18.0.1] AndroidManifest.xml:20:9-22:45
284            android:name="com.google.android.gms.common.api.GoogleApiActivity"
284-->[com.google.android.gms:play-services-base:18.0.1] AndroidManifest.xml:20:19-85
285            android:exported="false"
285-->[com.google.android.gms:play-services-base:18.0.1] AndroidManifest.xml:22:19-43
286            android:theme="@android:style/Theme.Translucent.NoTitleBar" />
286-->[com.google.android.gms:play-services-base:18.0.1] AndroidManifest.xml:21:19-78
287
288        <meta-data
288-->[com.google.android.gms:play-services-basement:18.1.0] AndroidManifest.xml:21:9-23:69